<?xml version="1.0" encoding="UTF-8"?>
<!-- Generated by org.testng.reporters.JUnitReportReporter -->
<testsuite skipped="0" hostname="Ajit" name="script.VerifyLoginLogout" tests="1" failures="0" timestamp="24 Jan 2018 02:52:16 GMT" time="25.259" errors="0">
  <testcase name="testValidLoginLogOut" time="25.259" classname="script.VerifyLoginLogout"/>
</testsuite> <!-- script.VerifyLoginLogout -->
